<?xml version="1.0" encoding="UTF-8"?>
<!-- Generated by org.testng.reporters.JUnitReportReporter -->
<testsuite hostname="a-karman-pc" failures="0" tests="7" name="CalcPageTest" time="55.413" errors="0" timestamp="2022-12-26T16:40:24 GET" skipped="0">
  <testcase classname="CalcPageTest" name="countrySwitchViaMenuUpdates" time="9.629"/>
  <system-out/>
  <testcase classname="CalcPageTest" name="countrySwitchViaMenuUpdates" time="10.131"/>
  <system-out/>
  <testcase classname="CalcPageTest" name="amountLossUSDCalculation" time="8.841"/>
  <system-out/>
  <testcase classname="CalcPageTest" name="countrySwitchViaMenuUpdates" time="9.684"/>
  <system-out/>
  <testcase classname="CalcPageTest" name="buyEmptied" time="4.187"/>
  <system-out/>
  <testcase classname="CalcPageTest" name="sellEmptied" time="3.462"/>
  <system-out/>
  <testcase classname="CalcPageTest" name="countrySwitchViaMenuUpdates" time="9.479"/>
  <system-out/>
</testsuite> <!-- CalcPageTest -->
